0 info it worked if it ends with ok
1 verbose cli [ 'node', '/usr/local/bin/npm', 'version', 'patch' ]
2 info using npm@1.4.21
3 info using node@v0.10.30
4 error Error: Git working directory not clean.
4 error M bower.json
4 error     at /usr/local/lib/node_modules/npm/lib/version.js:91:33
4 error     at ChildProcess.exithandler (child_process.js:646:7)
4 error     at ChildProcess.emit (events.js:98:17)
4 error     at maybeClose (child_process.js:756:16)
4 error     at Process.ChildProcess._handle.onexit (child_process.js:823:5)
5 error If you need help, you may report this *entire* log,
5 error including the npm and node versions, at:
5 error     <http://github.com/npm/npm/issues>
6 error System Darwin 14.0.0
7 error command "node" "/usr/local/bin/npm" "version" "patch"
8 error cwd /Users/miles/Sites/jSimpleFader
9 error node -v v0.10.30
10 error npm -v 1.4.21
11 verbose exit [ 1, true ]
